info it worked if it ends with ok
verbose cli [ 'node', '/usr/bin/npm', 'test' ]
info using npm@1.1.4
info using node@v0.6.12
verbose config file /home/harsh/.npmrc
verbose config file /usr/etc/npmrc
verbose config file /usr/share/npm/npmrc
verbose caching /home/harsh/testing/package.json
verbose loadDefaults testing@0.0.0
verbose run-script [ 'pretest', 'test', 'posttest' ]
info pretest testing@0.0.0
info test testing@0.0.0
verbose unsafe-perm in lifecycle true
silly exec sh "-c" "make test"
silly spawning [ 'sh', [ '-c', 'make test' ], '/home/harsh/testing' ]
info testing@0.0.0 Failed to exec test script
ERR! testing@0.0.0 test: `make test`
ERR! `sh "-c" "make test"` failed with 2
ERR! 
ERR! Failed at the testing@0.0.0 test script.
ERR! This is most likely a problem with the testing package,
ERR! not with npm itself.
ERR! Tell the author that this fails on your system:
ERR!     make test
ERR! You can get their info via:
ERR!     npm owner ls testing
ERR! There is likely additional logging output above.
ERR! 
ERR! System Linux 3.11.0-24-generic
ERR! command "node" "/usr/bin/npm" "test"
ERR! cwd /home/harsh/testing
ERR! node -v v0.6.12
ERR! npm -v 1.1.4
ERR! code ELIFECYCLE
ERR! message testing@0.0.0 test: `make test`
ERR! message `sh "-c" "make test"` failed with 2
ERR! errno {}
verbose exit [ 1, true ]
